Arguments: 
  /usr/local/bin/node /Users/janfranc/.yarn/bin/yarn.js lint

PATH: 
  /Users/janfranc/.yarn/bin:/usr/local/bin:/usr/bin:/bin:/usr/sbin:/sbin:/Users/janfranc/.yarn/bin

Yarn version: 
  1.5.1

Node version: 
  10.11.0

Platform: 
  darwin x64

npm manifest: 
  {
    "name": "hw1",
    "version": "1.0.0",
    "description": "",
    "main": "index.js",
    "engines": {
      "node": ">=10.11.0"
    },
    "scripts": {
      "test": "echo \"Error: no test specified\" && exit 1",
      "flow": "flow",
      "prettier:check": "prettier --debug-check --config .prettierrc 'src/**/*.js'",
      "prettier:format": "prettier --write --config .prettierrc 'src/**/*.js'"
    },
    "author": "",
    "license": "ISC",
    "dependencies": {
      "flow-bin": "^0.82.0",
      "flow-typed": "^2.5.1",
      "prettier": "^1.14.3",
      "request": "^2.88.0",
      "request-promise": "^4.2.2"
    },
    "devDependencies": {
      "eslint": "^5.6.1",
      "eslint-plugin-node": "^7.0.1"
    }
  }

yarn manifest: 
  No manifest

Lockfile: 
  No lockfile

Trace: 
  Error: Command "lint" not found.
      at new MessageError (/Users/janfranc/.yarn/lib/cli.js:186:110)
      at /Users/janfranc/.yarn/lib/cli.js:87307:17
      at Generator.next (<anonymous>)
      at step (/Users/janfranc/.yarn/lib/cli.js:98:30)
      at /Users/janfranc/.yarn/lib/cli.js:116:14
      at new Promise (<anonymous>)
      at new F (/Users/janfranc/.yarn/lib/cli.js:23451:28)
      at /Users/janfranc/.yarn/lib/cli.js:95:12
      at runCommand (/Users/janfranc/.yarn/lib/cli.js:87312:22)
      at Object.<anonymous> (/Users/janfranc/.yarn/lib/cli.js:87412:14)
